<?xml version="1.0" encoding="UTF-8"?>
<robot generator="Robot 3.2.2 (Python 3.8.5 on win32)" generated="20201002 22:08:47.128" rpa="false">
<suite id="s1" name="Amazon" source="C:\Users\Dell\PycharmProjects\robot-experiment\Amazon.robot">
<test id="s1-t1" name="Open website">
<kw name="Log" library="BuiltIn">
<doc>Logs the given message with the given level.</doc>
<arguments>
<arg>${variable_s}</arg>
</arguments>
<msg timestamp="20201002 22:08:47.217" level="INFO">This is a variable</msg>
<status status="PASS" starttime="20201002 22:08:47.216" endtime="20201002 22:08:47.217"></status>
</kw>
<kw name="Set Variable" library="BuiltIn">
<doc>Returns the given values which can then be assigned to a variables.</doc>
<arguments>
<arg>jio merey laal</arg>
</arguments>
<assign>
<var>${sectestcase_variable}</var>
</assign>
<msg timestamp="20201002 22:08:47.219" level="INFO">${sectestcase_variable} = jio merey laal</msg>
<status status="PASS" starttime="20201002 22:08:47.218" endtime="20201002 22:08:47.219"></status>
</kw>
<kw name="Log" library="BuiltIn">
<doc>Logs the given message with the given level.</doc>
<arguments>
<arg>${sectestcase_variable}</arg>
</arguments>
<msg timestamp="20201002 22:08:47.220" level="INFO">jio merey laal</msg>
<status status="PASS" starttime="20201002 22:08:47.220" endtime="20201002 22:08:47.220"></status>
</kw>
<kw name="OPEN BROWSER">
<arguments>
<arg>http://www.amazon.com</arg>
<arg>chrome</arg>
</arguments>
<msg timestamp="20201002 22:08:47.225" level="FAIL">No keyword with name 'OPEN BROWSER' found.</msg>
<status status="FAIL" starttime="20201002 22:08:47.225" endtime="20201002 22:08:47.225"></status>
</kw>
<status status="FAIL" starttime="20201002 22:08:47.215" endtime="20201002 22:08:47.226" critical="yes">No keyword with name 'OPEN BROWSER' found.</status>
</test>
<test id="s1-t2" name="Enter search criteria">
<kw name="input text">
<arguments>
<arg>twotabsearchtextbox</arg>
<arg>Iphone</arg>
</arguments>
<msg timestamp="20201002 22:08:47.232" level="FAIL">No keyword with name 'input text' found.</msg>
<status status="FAIL" starttime="20201002 22:08:47.232" endtime="20201002 22:08:47.232"></status>
</kw>
<status status="FAIL" starttime="20201002 22:08:47.227" endtime="20201002 22:08:47.233" critical="yes">No keyword with name 'input text' found.</status>
</test>
<test id="s1-t3" name="click on submit">
<kw name="click button">
<arguments>
<arg>xpath=//input[@type="submit"]</arg>
</arguments>
<msg timestamp="20201002 22:08:47.240" level="FAIL">No keyword with name 'click button' found.</msg>
<status status="FAIL" starttime="20201002 22:08:47.240" endtime="20201002 22:08:47.241"></status>
</kw>
<status status="FAIL" starttime="20201002 22:08:47.236" endtime="20201002 22:08:47.241" critical="yes">No keyword with name 'click button' found.</status>
</test>
<test id="s1-t4" name="click on first search item">
<kw name="click element">
<arguments>
<arg>xpath=//*[@id="result_0"]/div/div/div/div[2]/div[1]/div[1]/a/h2</arg>
</arguments>
<msg timestamp="20201002 22:08:47.248" level="FAIL">No keyword with name 'click element' found.</msg>
<status status="FAIL" starttime="20201002 22:08:47.248" endtime="20201002 22:08:47.248"></status>
</kw>
<status status="FAIL" starttime="20201002 22:08:47.243" endtime="20201002 22:08:47.258" critical="yes">No keyword with name 'click element' found.</status>
</test>
<test id="s1-t5" name="Get price of First product">
<kw name="get text">
<arguments>
<arg>priceblock_ourprice</arg>
</arguments>
<assign>
<var>${get_price}=</var>
</assign>
<msg timestamp="20201002 22:08:47.264" level="FAIL">No keyword with name 'get text' found. Did you mean:
    BuiltIn.Get Time</msg>
<status status="FAIL" starttime="20201002 22:08:47.264" endtime="20201002 22:08:47.265"></status>
</kw>
<status status="FAIL" starttime="20201002 22:08:47.260" endtime="20201002 22:08:47.265" critical="yes">No keyword with name 'get text' found. Did you mean:
    BuiltIn.Get Time</status>
</test>
<test id="s1-t6" name="Adding item to cart">
<kw name="click button">
<arguments>
<arg>add-to-cart-button</arg>
</arguments>
<msg timestamp="20201002 22:08:47.276" level="FAIL">No keyword with name 'click button' found.</msg>
<status status="FAIL" starttime="20201002 22:08:47.275" endtime="20201002 22:08:47.276"></status>
</kw>
<status status="FAIL" starttime="20201002 22:08:47.270" endtime="20201002 22:08:47.277" critical="yes">No keyword with name 'click button' found.</status>
</test>
<test id="s1-t7" name="Get title from the window">
<kw name="get title">
<assign>
<var>${hai} =</var>
</assign>
<msg timestamp="20201002 22:08:47.286" level="FAIL">No keyword with name 'get title' found. Did you mean:
    BuiltIn.Get Time</msg>
<status status="FAIL" starttime="20201002 22:08:47.286" endtime="20201002 22:08:47.286"></status>
</kw>
<status status="FAIL" starttime="20201002 22:08:47.281" endtime="20201002 22:08:47.287" critical="yes">No keyword with name 'get title' found. Did you mean:
    BuiltIn.Get Time</status>
</test>
<status status="FAIL" starttime="20201002 22:08:47.140" endtime="20201002 22:08:47.289"></status>
</suite>
<statistics>
<total>
<stat pass="0" fail="7">Critical Tests</stat>
<stat pass="0" fail="7">All Tests</stat>
</total>
<tag>
</tag>
<suite>
<stat pass="0" fail="7" id="s1" name="Amazon">Amazon</stat>
</suite>
</statistics>
<errors>
<msg timestamp="20201002 22:08:47.212" level="ERROR">Error in file 'C:\Users\Dell\PycharmProjects\robot-experiment\Amazon.robot' on line 2: Importing test library 'Selenium2Library' failed: ModuleNotFoundError: No module named 'Selenium2Library'
Traceback (most recent call last):
  None
PYTHONPATH:
  C:\Users\Dell\AppData\Local\Programs\Python\Python38-32\Scripts\robot.exe
  c:\users\dell\appdata\local\programs\python\python38-32\python38.zip
  c:\users\dell\appdata\local\programs\python\python38-32\DLLs
  c:\users\dell\appdata\local\programs\python\python38-32\lib
  c:\users\dell\appdata\local\programs\python\python38-32
  c:\users\dell\appdata\local\programs\python\python38-32\lib\site-packages</msg>
</errors>
</robot>
